<?xml version="1.0" encoding="UTF-8"?>
<!-- Generated by org.testng.reporters.JUnitXMLReporter -->
<testsuite ignored="0" hostname="LAPTOP-O2SPC5C9" failures="1" tests="2" name="Default test(failed)(failed)" time="0.06" errors="0" timestamp="2025-03-29T11:35:28 IST">
  <testcase classname="rahulshettyacademy.tests.SubmitOrderTest" name="submitOrder" time="0.0">
    <failure type="java.lang.RuntimeException" message="java.nio.file.NoSuchFileException: D:\Selenium Automation\Web-test-Projects\SeleniumFrameworkDesign\SeleniumFrameworkDesignsrc\test\java\rahulshettyacademy\data\PurchaseOrder.json">
      <![CDATA[java.lang.RuntimeException: java.nio.file.NoSuchFileException: D:\Selenium Automation\Web-test-Projects\SeleniumFrameworkDesign\SeleniumFrameworkDesignsrc\test\java\rahulshettyacademy\data\PurchaseOrder.json
at java.base/java.util.ArrayList.forEach(ArrayList.java:1596)
Caused by: java.nio.file.NoSuchFileException: D:\Selenium Automation\Web-test-Projects\SeleniumFrameworkDesign\SeleniumFrameworkDesignsrc\test\java\rahulshettyacademy\data\PurchaseOrder.json
at java.base/sun.nio.fs.WindowsException.translateToIOException(WindowsException.java:85)
at java.base/sun.nio.fs.WindowsException.rethrowAsIOException(WindowsException.java:103)
at java.base/sun.nio.fs.WindowsException.rethrowAsIOException(WindowsException.java:108)
at java.base/sun.nio.fs.WindowsFileSystemProvider.newByteChannel(WindowsFileSystemProvider.java:234)
at java.base/java.nio.file.Files.newByteChannel(Files.java:379)
at java.base/java.nio.file.Files.newByteChannel(Files.java:431)
at java.base/java.nio.file.spi.FileSystemProvider.newInputStream(FileSystemProvider.java:420)
at java.base/java.nio.file.Files.newInputStream(Files.java:159)
at org.apache.commons.io.FileUtils.lambda$readFileToString$12(FileUtils.java:2686)
at org.apache.commons.io.IOUtils.toString(IOUtils.java:3221)
at org.apache.commons.io.IOUtils.toString(IOUtils.java:3196)
at org.apache.commons.io.FileUtils.readFileToString(FileUtils.java:2686)
at rahulshettyacademy.TestComponents.BaseTest.getJsonData(BaseTest.java:46)
at rahulshettyacademy.tests.SubmitOrderTest.getData(SubmitOrderTest.java:69)
... 25 more
... Removed 30 stack frames]]>
    </failure>
  </testcase> <!-- submitOrder -->
  <testcase classname="rahulshettyacademy.tests.SubmitOrderTest" name="OrderHistoryTest" time="0.0">
    <skipped/>
  </testcase> <!-- OrderHistoryTest -->
</testsuite> <!-- Default test(failed)(failed) -->
