<?xml version="1.0" encoding="UTF-8"?>
<testng-results ignored="0" total="4" passed="3" failed="1" skipped="0">
  <reporter-output>
  </reporter-output>
  <suite started-at="2025-03-29T17:01:43 IST" name="Default suite" finished-at="2025-03-29T17:02:00 IST" duration-ms="17149">
    <groups>
      <group name="{Purchase}">
        <method signature="SubmitOrderTest.submitOrder(java.util.HashMap)[pri:0, instance:midhun.tests.SubmitOrderTest@3d285d7e]" name="submitOrder" class="midhun.tests.SubmitOrderTest"/>
      </group> <!-- {Purchase} -->
      <group name="erroHandling">
        <method signature="SubmitOrderTest.submitOrderValidationTest()[pri:0, instance:midhun.tests.SubmitOrderTest@3d285d7e]" name="submitOrderValidationTest" class="midhun.tests.SubmitOrderTest"/>
      </group> <!-- erroHandling -->
    </groups>
    <test started-at="2025-03-29T17:01:43 IST" name="Default test" finished-at="2025-03-29T17:02:00 IST" duration-ms="17149">
      <class name="midhun.tests.SubmitOrderTest">
        <test-method is-config="true" signature="launchApplication()[pri:0, instance:midhun.tests.SubmitOrderTest@3d285d7e]" started-at="2025-03-29T17:01:43 IST" name="launchApplication" finished-at="2025-03-29T17:01:47 IST" duration-ms="3098" status="PASS">
          <reporter-output>
          </reporter-output>
        </test-method> <!-- launchApplication -->
        <test-method signature="submitOrder(java.util.HashMap)[pri:0, instance:midhun.tests.SubmitOrderTest@3d285d7e]" started-at="2025-03-29T17:01:47 IST" name="submitOrder" data-provider="getData" finished-at="2025-03-29T17:01:50 IST" duration-ms="3039" status="PASS">
          <params>
            <param index="0">
              <value>
                <![CDATA[{password=1234567@As, email=mm@mm.com, productName=ADIDAS ORIGINAL}]]>
              </value>
            </param>
          </params>
          <reporter-output>
          </reporter-output>
        </test-method> <!-- submitOrder -->
        <test-method is-config="true" signature="closingDriver()[pri:0, instance:midhun.tests.SubmitOrderTest@3d285d7e]" started-at="2025-03-29T17:01:50 IST" name="closingDriver" finished-at="2025-03-29T17:01:50 IST" duration-ms="111" status="PASS">
          <reporter-output>
          </reporter-output>
        </test-method> <!-- closingDriver -->
        <test-method is-config="true" signature="launchApplication()[pri:0, instance:midhun.tests.SubmitOrderTest@3d285d7e]" started-at="2025-03-29T17:01:50 IST" name="launchApplication" finished-at="2025-03-29T17:01:52 IST" duration-ms="2459" status="PASS">
          <reporter-output>
          </reporter-output>
        </test-method> <!-- launchApplication -->
        <test-method signature="submitOrder(java.util.HashMap)[pri:0, instance:midhun.tests.SubmitOrderTest@3d285d7e]" started-at="2025-03-29T17:01:52 IST" name="submitOrder" data-provider="getData" finished-at="2025-03-29T17:01:55 IST" duration-ms="2833" status="PASS">
          <params>
            <param index="0">
              <value>
                <![CDATA[{password=1234567@As, email=mm@mm.com, productName=ZARA COAT 3}]]>
              </value>
            </param>
          </params>
          <reporter-output>
          </reporter-output>
        </test-method> <!-- submitOrder -->
        <test-method is-config="true" signature="closingDriver()[pri:0, instance:midhun.tests.SubmitOrderTest@3d285d7e]" started-at="2025-03-29T17:01:55 IST" name="closingDriver" finished-at="2025-03-29T17:01:55 IST" duration-ms="107" status="PASS">
          <reporter-output>
          </reporter-output>
        </test-method> <!-- closingDriver -->
        <test-method is-config="true" signature="launchApplication()[pri:0, instance:midhun.tests.SubmitOrderTest@3d285d7e]" started-at="2025-03-29T17:01:55 IST" name="launchApplication" finished-at="2025-03-29T17:01:57 IST" duration-ms="1616" status="PASS">
          <reporter-output>
          </reporter-output>
        </test-method> <!-- launchApplication -->
        <test-method signature="submitOrderValidationTest()[pri:0, instance:midhun.tests.SubmitOrderTest@3d285d7e]" started-at="2025-03-29T17:01:57 IST" name="submitOrderValidationTest" finished-at="2025-03-29T17:01:57 IST" duration-ms="385" status="FAIL">
          <exception class="java.lang.AssertionError">
            <message>
              <![CDATA[expected [Incorrect email or password.] but found [ Incorrect email or password. ]]]>
            </message>
            <full-stacktrace>
              <![CDATA[java.lang.AssertionError: expected [Incorrect email or password.] but found [ Incorrect email or password. ]
at org.testng.Assert.fail(Assert.java:111)
at org.testng.Assert.failNotEquals(Assert.java:1590)
at org.testng.Assert.assertEqualsImpl(Assert.java:150)
at org.testng.Assert.assertEquals(Assert.java:132)
at org.testng.Assert.assertEquals(Assert.java:656)
at org.testng.Assert.assertEquals(Assert.java:666)
at midhun.tests.SubmitOrderTest.submitOrderValidationTest(SubmitOrderTest.java:24)
at java.base/jdk.internal.reflect.DirectMethodHandleAccessor.invoke(DirectMethodHandleAccessor.java:103)
at java.base/java.lang.reflect.Method.invoke(Method.java:580)
at org.testng.internal.invokers.MethodInvocationHelper.invokeMethod(MethodInvocationHelper.java:141)
at org.testng.internal.invokers.TestInvoker.invokeMethod(TestInvoker.java:687)
at org.testng.internal.invokers.TestInvoker.invokeTestMethod(TestInvoker.java:230)
at org.testng.internal.invokers.MethodRunner.runInSequence(MethodRunner.java:63)
at org.testng.internal.invokers.TestInvoker$MethodInvocationAgent.invoke(TestInvoker.java:995)
at org.testng.internal.invokers.TestInvoker.invokeTestMethods(TestInvoker.java:203)
at org.testng.internal.invokers.TestMethodWorker.invokeTestMethods(TestMethodWorker.java:154)
at org.testng.internal.invokers.TestMethodWorker.run(TestMethodWorker.java:134)
at java.base/java.util.ArrayList.forEach(ArrayList.java:1596)
at org.testng.TestRunner.privateRun(TestRunner.java:741)
at org.testng.TestRunner.run(TestRunner.java:616)
at org.testng.SuiteRunner.runTest(SuiteRunner.java:421)
at org.testng.SuiteRunner.runSequentially(SuiteRunner.java:413)
at org.testng.SuiteRunner.privateRun(SuiteRunner.java:373)
at org.testng.SuiteRunner.run(SuiteRunner.java:312)
at org.testng.SuiteRunnerWorker.runSuite(SuiteRunnerWorker.java:52)
at org.testng.SuiteRunnerWorker.run(SuiteRunnerWorker.java:95)
at org.testng.TestNG.runSuitesSequentially(TestNG.java:1274)
at org.testng.TestNG.runSuitesLocally(TestNG.java:1208)
at org.testng.TestNG.runSuites(TestNG.java:1112)
at org.testng.TestNG.run(TestNG.java:1079)
at org.testng.remote.AbstractRemoteTestNG.run(AbstractRemoteTestNG.java:115)
at org.testng.remote.RemoteTestNG.initAndRun(RemoteTestNG.java:293)
at org.testng.remote.RemoteTestNG.main(RemoteTestNG.java:91)
]]>
            </full-stacktrace>
          </exception> <!-- java.lang.AssertionError -->
          <reporter-output>
          </reporter-output>
        </test-method> <!-- submitOrderValidationTest -->
        <test-method is-config="true" signature="closingDriver()[pri:0, instance:midhun.tests.SubmitOrderTest@3d285d7e]" started-at="2025-03-29T17:01:57 IST" name="closingDriver" finished-at="2025-03-29T17:01:57 IST" duration-ms="89" status="PASS">
          <reporter-output>
          </reporter-output>
        </test-method> <!-- closingDriver -->
        <test-method is-config="true" signature="launchApplication()[pri:0, instance:midhun.tests.SubmitOrderTest@3d285d7e]" started-at="2025-03-29T17:01:57 IST" name="launchApplication" finished-at="2025-03-29T17:02:00 IST" duration-ms="2426" status="PASS">
          <reporter-output>
          </reporter-output>
        </test-method> <!-- launchApplication -->
        <test-method signature="OrderHistoryTest()[pri:0, instance:midhun.tests.SubmitOrderTest@3d285d7e]" started-at="2025-03-29T17:02:00 IST" name="OrderHistoryTest" finished-at="2025-03-29T17:02:00 IST" depends-on-methods="midhun.tests.SubmitOrderTest.submitOrder" duration-ms="576" status="PASS">
          <reporter-output>
          </reporter-output>
        </test-method> <!-- OrderHistoryTest -->
        <test-method is-config="true" signature="closingDriver()[pri:0, instance:midhun.tests.SubmitOrderTest@3d285d7e]" started-at="2025-03-29T17:02:00 IST" name="closingDriver" finished-at="2025-03-29T17:02:00 IST" duration-ms="118" status="PASS">
          <reporter-output>
          </reporter-output>
        </test-method> <!-- closingDriver -->
      </class> <!-- midhun.tests.SubmitOrderTest -->
    </test> <!-- Default test -->
  </suite> <!-- Default suite -->
</testng-results>
