<?xml version="1.0" encoding="UTF-8"?>
<!-- Generated by org.testng.reporters.JUnitXMLReporter -->
<testsuite ignored="2" hostname="LAPTOP-O2SPC5C9" failures="0" tests="1" name="SubmitOrder" time="0.066" errors="0" timestamp="2025-03-29T16:47:12 IST">
  <testcase classname="midhun.TestComponents.BaseTest" name="@BeforeMethod launchApplication" time="0.006">
    <failure type="java.io.FileNotFoundException" message="D:\Selenium Automation\Web-test-Projects\SeleniumFrameworkDesign\SeleniumFrameworkDesign\src\main\java\rahulshettyacademy\resources\GlobalData.properties (The system cannot find the path specified)">
      <![CDATA[java.io.FileNotFoundException: D:\Selenium Automation\Web-test-Projects\SeleniumFrameworkDesign\SeleniumFrameworkDesign\src\main\java\rahulshettyacademy\resources\GlobalData.properties (The system cannot find the path specified)
at java.base/java.io.FileInputStream.open0(Native Method)
at java.base/java.io.FileInputStream.open(FileInputStream.java:213)
at java.base/java.io.FileInputStream.<init>(FileInputStream.java:152)
at java.base/java.io.FileInputStream.<init>(FileInputStream.java:106)
at midhun.TestComponents.BaseTest.initializeDriver(BaseTest.java:34)
at midhun.TestComponents.BaseTest.launchApplication(BaseTest.java:72)
at java.base/java.util.ArrayList.forEach(ArrayList.java:1596)
... Removed 29 stack frames]]>
    </failure>
  </testcase> <!-- @BeforeMethod launchApplication -->
  <testcase classname="midhun.TestComponents.BaseTest" name="@AfterMethod closingDriver" time="0.002">
    <failure type="java.lang.NullPointerException" message="Cannot invoke &amp;quot;org.openqa.selenium.WebDriver.close()&amp;quot; because &amp;quot;this.driver&amp;quot; is null">
      <![CDATA[java.lang.NullPointerException: Cannot invoke "org.openqa.selenium.WebDriver.close()" because "this.driver" is null
at midhun.TestComponents.BaseTest.closingDriver(BaseTest.java:80)
at java.base/java.util.ArrayList.forEach(ArrayList.java:1596)
... Removed 30 stack frames]]>
    </failure>
  </testcase> <!-- @AfterMethod closingDriver -->
  <testcase classname="midhun.tests.SubmitOrderTest" name="submitOrderValidationTest" time="0.0">
    <skipped/>
  </testcase> <!-- submitOrderValidationTest -->
  <testcase classname="midhun.tests.SubmitOrderTest" name="OrderHistoryTest" time="0.0">
    <ignored/>
  </testcase> <!-- OrderHistoryTest -->
  <testcase classname="midhun.tests.SubmitOrderTest" name="submitOrder" time="0.0">
    <ignored/>
  </testcase> <!-- submitOrder -->
</testsuite> <!-- SubmitOrder -->
